[ 2016-09-30T08:57:31+08:00 ] 219.156.37.125 /index.php/templates/default/css/css.css
INFO: [ app_init ] --START--
INFO: Run Behavior\BuildLiteBehavior [ RunTime:0.000029s ]
INFO: [ app_init ] --END-- [ RunTime:0.000422s ]
ERR: 无法加载模块:Templates

[ 2016-09-30T08:57:31+08:00 ] 219.156.37.125 /index.php/templates/default/js/jquery-1.7.2.min.js
INFO: [ app_init ] --START--
INFO: Run Behavior\BuildLiteBehavior [ RunTime:0.000027s ]
INFO: [ app_init ] --END-- [ RunTime:0.000410s ]
ERR: 无法加载模块:Templates

[ 2016-09-30T08:57:31+08:00 ] 219.156.37.125 /index.php/templates/default/js/jquery.nicescroll.js
INFO: [ app_init ] --START--
INFO: Run Behavior\BuildLiteBehavior [ RunTime:0.000041s ]
INFO: [ app_init ] --END-- [ RunTime:0.000755s ]
ERR: 无法加载模块:Templates

[ 2016-09-30T08:57:31+08:00 ] 219.156.37.125 /index.php/templates/default/css/css.css
INFO: [ app_init ] --START--
INFO: Run Behavior\BuildLiteBehavior [ RunTime:0.000033s ]
INFO: [ app_init ] --END-- [ RunTime:0.001516s ]
ERR: 无法加载模块:Templates

[ 2016-09-30T08:57:31+08:00 ] 219.156.37.125 /index.php/templates/default/js/jquery-1.7.2.min.js
INFO: [ app_init ] --START--
INFO: Run Behavior\BuildLiteBehavior [ RunTime:0.000032s ]
INFO: [ app_init ] --END-- [ RunTime:0.001705s ]
ERR: 无法加载模块:Templates

[ 2016-09-30T08:57:31+08:00 ] 219.156.37.125 /index.php/templates/default/js/jquery.nicescroll.js
INFO: [ app_init ] --START--
INFO: Run Behavior\BuildLiteBehavior [ RunTime:0.000031s ]
INFO: [ app_init ] --END-- [ RunTime:0.000452s ]
ERR: 无法加载模块:Templates

[ 2016-09-30T08:57:31+08:00 ] 219.156.37.125 /index.php/upload/201508/17/201508171757546634.jpg
INFO: [ app_init ] --START--
INFO: Run Behavior\BuildLiteBehavior [ RunTime:0.000031s ]
INFO: [ app_init ] --END-- [ RunTime:0.000424s ]
ERR: 无法加载模块:Upload

[ 2016-09-30T08:57:32+08:00 ] 219.156.37.125 /index.php/templates/default/js/jquery.nicescroll.js
INFO: [ app_init ] --START--
INFO: Run Behavior\BuildLiteBehavior [ RunTime:0.000036s ]
INFO: [ app_init ] --END-- [ RunTime:0.000452s ]
ERR: 无法加载模块:Templates

[ 2016-09-30T08:57:32+08:00 ] 219.156.37.125 /index.php/upload/201508/17/201508171757546634.jpg
INFO: [ app_init ] --START--
INFO: Run Behavior\BuildLiteBehavior [ RunTime:0.000029s ]
INFO: [ app_init ] --END-- [ RunTime:0.000417s ]
ERR: 无法加载模块:Upload

[ 2016-09-30T08:57:34+08:00 ] 219.156.37.125 /index.php/templates/default/js/jquery-1.7.2.min.js
INFO: [ app_init ] --START--
INFO: Run Behavior\BuildLiteBehavior [ RunTime:0.000030s ]
INFO: [ app_init ] --END-- [ RunTime:0.000718s ]
ERR: 无法加载模块:Templates

[ 2016-09-30T08:57:34+08:00 ] 219.156.37.125 /index.php/templates/default/js/jquery.nicescroll.js
INFO: [ app_init ] --START--
INFO: Run Behavior\BuildLiteBehavior [ RunTime:0.000029s ]
INFO: [ app_init ] --END-- [ RunTime:0.000411s ]
ERR: 无法加载模块:Templates

[ 2016-09-30T08:57:34+08:00 ] 219.156.37.125 /index.php/templates/default/js/jquery.nicescroll.js
INFO: [ app_init ] --START--
INFO: Run Behavior\BuildLiteBehavior [ RunTime:0.000028s ]
INFO: [ app_init ] --END-- [ RunTime:0.000463s ]
ERR: 无法加载模块:Templates

[ 2016-09-30T08:57:34+08:00 ] 219.156.37.125 /index.php/upload/201508/17/201508171757546634.jpg
INFO: [ app_init ] --START--
INFO: Run Behavior\BuildLiteBehavior [ RunTime:0.000028s ]
INFO: [ app_init ] --END-- [ RunTime:0.000414s ]
ERR: 无法加载模块:Upload

[ 2016-09-30T08:57:39+08:00 ] 219.156.37.125 /index.php/templates/default/css/css.css
INFO: [ app_init ] --START--
INFO: Run Behavior\BuildLiteBehavior [ RunTime:0.000037s ]
INFO: [ app_init ] --END-- [ RunTime:0.000760s ]
ERR: 无法加载模块:Templates

[ 2016-09-30T08:57:39+08:00 ] 219.156.37.125 /index.php/upload/201508/17/201508171757546634.jpg
INFO: [ app_init ] --START--
INFO: Run Behavior\BuildLiteBehavior [ RunTime:0.000027s ]
INFO: [ app_init ] --END-- [ RunTime:0.000412s ]
ERR: 无法加载模块:Upload

s

[ 2016-09-30T08:57:39+08:00 ] 219.156.37.125 /index.php/templates/default/js/jquery.nicescroll.js
INFO: [ app_init ] --START--
INFO: Run Behavior\BuildLiteBehavior [ RunTime:0.000028s ]
INFO: [ app_init ] --END-- [ RunTime:0.000406s ]
ERR: 无法加载模块:Templates

[ 2016-09-30T08:57:39+08:00 ] 219.156.37.125 /index.php/upload/201508/17/201508171757546634.jpg
INFO: [ app_init ] --START--
INFO: Run Behavior\BuildLiteBehavior [ RunTime:0.000029s ]
INFO: [ app_init ] --END-- [ RunTime:0.000419s ]
ERR: 无法加载模块:Upload

[ 2016-09-30T08:57:55+08:00 ] 180.153.214.152 /index.php/Home/Index/..\..\templates\default\js\jquery-1.7.2.min.js
INFO: [ app_init ] --START--
INFO: Run Behavior\BuildLiteBehavior [ RunTime:0.000028s ]
INFO: [ app_init ] --END-- [ RunTime:0.000656s ]
ERR: 无法加载模块:Templates

[ 2016-09-30T08:57:55+08:00 ] 180.153.214.152 /index.php/Home/Index/..\..\templates\default\js\jquery.nicescroll.js
INFO: [ app_init ] --START--
INFO: Run Behavior\BuildLiteBehavior [ RunTime:0.000049s ]
INFO: [ app_init ] --END-- [ RunTime:0.000499s ]
ERR: 无法加载模块:Templates

[ 2016-09-30T08:59:59+08:00 ] 219.156.37.125 /index.php/templates/default/css/css.css
INFO: [ app_init ] --START--
INFO: Run Behavior\BuildLiteBehavior [ RunTime:0.000031s ]
INFO: [ app_init ] --END-- [ RunTime:0.000502s ]
ERR: 无法加载模块:Templates

[ 2016-09-30T08:59:59+08:00 ] 219.156.37.125 /index.php/templates/default/js/jquery.nicescroll.js
INFO: [ app_init ] --START--
INFO: Run Behavior\BuildLiteBehavior [ RunTime:0.000028s ]
INFO: [ app_init ] --END-- [ RunTime:0.000430s ]
ERR: 无法加载模块:Templates

[ 2016-09-30T09:00:00+08:00 ] 219.156.37.125 /index.php/templates/default/js/jquery-1.7.2.min.js
INFO: [ app_init ] --START--
INFO: Run Behavior\BuildLiteBehavior [ RunTime:0.000029s ]
INFO: [ app_init ] --END-- [ RunTime:0.000430s ]
ERR: 无法加载模块:Templates

[ 2016-09-30T09:00:00+08:00 ] 219.156.37.125 /index.php/templates/default/css/css.css
INFO: [ app_init ] --START--
INFO: Run Behavior\BuildLiteBehavior [ RunTime:0.000028s ]
INFO: [ app_init ] --END-- [ RunTime:0.000432s ]
ERR: 无法加载模块:Templates

[ 2016-09-30T09:00:00+08:00 ] 219.156.37.125 /index.php/templates/default/js/jquery.nicescroll.js
INFO: [ app_init ] --START--
INFO: Run Behavior\BuildLiteBehavior [ RunTime:0.000029s ]
INFO: [ app_init ] --END-- [ RunTime:0.000417s ]
ERR: 无法加载模块:Templates

[ 2016-09-30T09:00:06+08:00 ] 219.156.37.125 /index.php/templates/default/css/css.css
INFO: [ app_init ] --START--
INFO: Run Behavior\BuildLiteBehavior [ RunTime:0.000032s ]
INFO: [ app_init ] --END-- [ RunTime:0.000474s ]
ERR: 无法加载模块:Templates

[ 2016-09-30T09:00:06+08:00 ] 219.156.37.125 /index.php/templates/default/js/jquery-1.7.2.min.js
INFO: [ app_init ] --START--
INFO: Run Behavior\BuildLiteBehavior [ RunTime:0.000032s ]
INFO: [ app_init ] --END-- [ RunTime:0.000569s ]
ERR: 无法加载模块:Templates

[ 2016-09-30T09:00:06+08:00 ] 219.156.37.125 /index.php/templates/default/js/jquery.nicescroll.js
INFO: [ app_init ] --START--
INFO: Run Behavior\BuildLiteBehavior [ RunTime:0.000030s ]
INFO: [ app_init ] --END-- [ RunTime:0.000430s ]
ERR: 无法加载模块:Templates

[ 2016-09-30T09:00:31+08:00 ] 101.226.99.195 /index.php/Home/Index/..\..\templates\default\js\jquery-1.7.2.min.js
INFO: [ app_init ] --START--
INFO: Run Behavior\BuildLiteBehavior [ RunTime:0.000029s ]
INFO: [ app_init ] --END-- [ RunTime:0.000420s ]
ERR: 无法加载模块:Templates

[ 2016-09-30T09:00:31+08:00 ] 101.226.89.123 /index.php/Home/Index/..\..\templates\default\js\jquery-1.7.2.min.js
INFO: [ app_init ] --START--
INFO: Run Behavior\BuildLiteBehavior [ RunTime:0.000041s ]
INFO: [ app_init ] --END-- [ RunTime:0.000491s ]
ERR: 无法加载模块:Templates

[ 2016-09-30T09:00:31+08:00 ] 180.153.201.15 /index.php/Home/Index/..\..\templates\default\js\jquery-1.7.2.min.js
INFO: [ app_init ] --START--
INFO: Run Behavior\BuildLiteBehavior [ RunTime:0.000030s ]
INFO: [ app_init ] --END-- [ RunTime:0.000431s ]
ERR: 无法加载模块:Templates

[ 2016-09-30T09:00:31+08:00 ] 180.153.201.15 /index.php/Home/Index/..\..\templates\default\js\jquery.nicescroll.js
INFO: [ app_init ] --START--
INFO: Run Behavior\BuildLiteBehavior [ RunTime:0.000030s ]
INFO: [ app_init ] --END-- [ RunTime:0.000451s ]
ERR: 无法加载模块:Templates

[ 2016-09-30T09:00:31+08:00 ] 101.226.89.123 /index.php/Home/Index/..\..\templates\default\js\jquery.nicescroll.js
INFO: [ app_init ] --START--
INFO: Run Behavior\BuildLiteBehavior [ RunTime:0.000030s ]
INFO: [ app_init ] --END-- [ RunTime:0.000464s ]
ERR: 无法加载模块:Templates

[ 2016-09-30T09:00:31+08:00 ] 101.226.99.195 /index.php/Home/Index/..\..\templates\default\js\jquery.nicescroll.js
INFO: [ app_init ] --START--
INFO: Run Behavior\BuildLiteBehavior [ RunTime:0.000029s ]
INFO: [ app_init ] --END-- [ RunTime:0.000460s ]
ERR: 无法加载模块:Templates

