[ 2016-10-05T00:56:42+08:00 ] 104.238.248.15 /
INFO: [ app_init ] --START--
INFO: Run Behavior\BuildLiteBehavior [ RunTime:0.000027s ]
INFO: [ app_init ] --END-- [ RunTime:0.000451s ]
INFO: [ app_begin ] --START--
INFO: Run Behavior\ReadHtmlCacheBehavior [ RunTime:0.000606s ]
INFO: [ app_begin ] --END-- [ RunTime:0.000708s ]
NOTIC: [2048] Declaration of Home\Controller\IndexController::show() should be compatible with that of Think\Controller::show() C:\WWW\daxiang\Application\Home\Controller\IndexController.class.php 第 188 行.
SQL: SHOW COLUMNS FROM `a_company` [ RunTime:0.0021s ]
SQL: SELECT * FROM `a_company` WHERE ( type=2 )  [ RunTime:0.0004s ]
NOTIC: [8] Undefined variable: list C:\WWW\daxiang\Application\Home\Controller\IndexController.class.php 第 15 行.
SQL: SELECT * FROM `a_company` WHERE ( type=1 )  [ RunTime:0.0003s ]
SQL: SHOW COLUMNS FROM `a_news` [ RunTime:0.0018s ]
SQL: SELECT * FROM `a_news`  [ RunTime:0.0017s ]
INFO: [ view_parse ] --START--
INFO: [ template_filter ] --START--
INFO: Run Behavior\ContentReplaceBehavior [ RunTime:0.000161s ]
INFO: [ template_filter ] --END-- [ RunTime:0.000251s ]
INFO: Run Behavior\ParseTemplateBehavior [ RunTime:0.017275s ]
INFO: [ view_parse ] --END-- [ RunTime:0.017390s ]
INFO: [ view_filter ] --START--
INFO: Run Behavior\WriteHtmlCacheBehavior [ RunTime:0.000362s ]
INFO: [ view_filter ] --END-- [ RunTime:0.000440s ]

[ 2016-10-05T02:17:51+08:00 ] 114.55.128.208 search.yahoo.com:443
INFO: [ app_init ] --START--
INFO: Run Behavior\BuildLiteBehavior [ RunTime:0.000027s ]
INFO: [ app_init ] --END-- [ RunTime:0.000473s ]
INFO: [ app_begin ] --START--
INFO: Run Behavior\ReadHtmlCacheBehavior [ RunTime:0.000607s ]
INFO: [ app_begin ] --END-- [ RunTime:0.000708s ]
NOTIC: [2048] Declaration of Home\Controller\IndexController::show() should be compatible with that of Think\Controller::show() C:\WWW\daxiang\Application\Home\Controller\IndexController.class.php 第 188 行.
SQL: SHOW COLUMNS FROM `a_company` [ RunTime:0.0020s ]
SQL: SELECT * FROM `a_company` WHERE ( type=2 )  [ RunTime:0.0004s ]
NOTIC: [8] Undefined variable: list C:\WWW\daxiang\Application\Home\Controller\IndexController.class.php 第 15 行.
SQL: SELECT * FROM `a_company` WHERE ( type=1 )  [ RunTime:0.0004s ]
SQL: SHOW COLUMNS FROM `a_news` [ RunTime:0.0018s ]
SQL: SELECT * FROM `a_news`  [ RunTime:0.0018s ]
INFO: [ view_parse ] --START--
INFO: [ template_filter ] --START--
INFO: Run Behavior\ContentReplaceBehavior [ RunTime:0.000155s ]
INFO: [ template_filter ] --END-- [ RunTime:0.000244s ]
INFO: Run Behavior\ParseTemplateBehavior [ RunTime:0.017208s ]
INFO: [ view_parse ] --END-- [ RunTime:0.017308s ]
INFO: [ view_filter ] --START--
INFO: Run Behavior\WriteHtmlCacheBehavior [ RunTime:0.000380s ]
INFO: [ view_filter ] --END-- [ RunTime:0.000465s ]
INFO: [ app_end ] --START--
INFO: Run Behavior\ShowPageTraceBehavior [ RunTime:0.000779s ]
INFO: [ app_end ] --END-- [ RunTime:0.000894s ]

[ 2016-10-05T02:17:51+08:00 ] 114.55.128.208 search.yahoo.com:443
INFO: [ app_init ] --START--
INFO: Run Behavior\BuildLiteBehavior [ RunTime:0.000027s ]
INFO: [ app_init ] --END-- [ RunTime:0.000443s ]
INFO: [ app_begin ] --START--
INFO: Run Behavior\ReadHtmlCacheBehavior [ RunTime:0.000750s ]
INFO: [ app_begin ] --END-- [ RunTime:0.000851s ]
NOTIC: [2048] Declaration of Home\Controller\IndexController::show() should be compatible with that of Think\Controller::show() C:\WWW\daxiang\Application\Home\Controller\IndexController.class.php 第 188 行.
SQL: SHOW COLUMNS FROM `a_company` [ RunTime:0.0019s ]
SQL: SELECT * FROM `a_company` WHERE ( type=2 )  [ RunTime:0.0004s ]
NOTIC: [8] Undefined variable: list C:\WWW\daxiang\Application\Home\Controller\IndexController.class.php 第 15 行.
SQL: SELECT * FROM `a_company` WHERE ( type=1 )  [ RunTime:0.0004s ]
SQL: SHOW COLUMNS FROM `a_news` [ RunTime:0.0016s ]
SQL: SELECT * FROM `a_news`  [ RunTime:0.0016s ]
INFO: [ view_parse ] --START--
INFO: [ template_filter ] --START--
INFO: Run Behavior\ContentReplaceBehavior [ RunTime:0.000154s ]
INFO: [ template_filter ] --END-- [ RunTime:0.000240s ]
INFO: Run Behavior\ParseTemplateBehavior [ RunTime:0.017148s ]
INFO: [ view_parse ] --END-- [ RunTime:0.017264s ]
INFO: [ view_filter ] --START--
INFO: Run Behavior\WriteHtmlCacheBehavior [ RunTime:0.000360s ]
INFO: [ view_filter ] --END-- [ RunTime:0.000449s ]
INFO: [ app_end ] --START--
INFO: Run Behavior\ShowPageTraceBehavior [ RunTime:0.000725s ]
INFO: [ app_end ] --END-- [ RunTime:0.000815s ]

[ 2016-10-05T02:20:01+08:00 ] 101.201.208.37 /
INFO: [ app_init ] --START--
INFO: Run Behavior\BuildLiteBehavior [ RunTime:0.000030s ]
INFO: [ app_init ] --END-- [ RunTime:0.000486s ]
INFO: [ app_begin ] --START--
INFO: Run Behavior\ReadHtmlCacheBehavior [ RunTime:0.000635s ]
INFO: [ app_begin ] --END-- [ RunTime:0.000770s ]
NOTIC: [2048] Declaration of Home\Controller\IndexController::show() should be compatible with that of Think\Controller::show() C:\WWW\daxiang\Application\Home\Controller\IndexController.class.php 第 188 行.
SQL: SHOW COLUMNS FROM `a_company` [ RunTime:0.0024s ]
SQL: SELECT * FROM `a_company` WHERE ( type=2 )  [ RunTime:0.0004s ]
NOTIC: [8] Undefined variable: list C:\WWW\daxiang\Application\Home\Controller\IndexController.class.php 第 15 行.
SQL: SELECT * FROM `a_company` WHERE ( type=1 )  [ RunTime:0.0004s ]
SQL: SHOW COLUMNS FROM `a_news` [ RunTime:0.0020s ]
SQL: SELECT * FROM `a_news`  [ RunTime:0.0019s ]
INFO: [ view_parse ] --START--
INFO: [ template_filter ] --START--
INFO: Run Behavior\ContentReplaceBehavior [ RunTime:0.000158s ]
INFO: [ template_filter ] --END-- [ RunTime:0.000294s ]
INFO: Run Behavior\ParseTemplateBehavior [ RunTime:0.018297s ]
INFO: [ view_parse ] --END-- [ RunTime:0.018430s ]
INFO: [ view_filter ] --START--
INFO: Run Behavior\WriteHtmlCacheBehavior [ RunTime:0.000383s ]
INFO: [ view_filter ] --END-- [ RunTime:0.000484s ]
INFO: [ app_end ] --START--
INFO: Run Behavior\ShowPageTraceBehavior [ RunTime:0.000655s ]
INFO: [ app_end ] --END-- [ RunTime:0.000748s ]

[ 2016-10-05T02:20:04+08:00 ] 101.201.208.37 /
INFO: [ app_init ] --START--
INFO: Run Behavior\BuildLiteBehavior [ RunTime:0.000031s ]
INFO: [ app_init ] --END-- [ RunTime:0.000454s ]
INFO: [ app_begin ] --START--
INFO: Run Behavior\ReadHtmlCacheBehavior [ RunTime:0.000586s ]
INFO: [ app_begin ] --END-- [ RunTime:0.000712s ]
NOTIC: [2048] Declaration of Home\Controller\IndexController::show() should be compatible with that of Think\Controller::show() C:\WWW\daxiang\Application\Home\Controller\IndexController.class.php 第 188 行.
SQL: SHOW COLUMNS FROM `a_company` [ RunTime:0.0020s ]
SQL: SELECT * FROM `a_company` WHERE ( type=2 )  [ RunTime:0.0004s ]
NOTIC: [8] Undefined variable: list C:\WWW\daxiang\Application\Home\Controller\IndexController.class.php 第 15 行.
SQL: SELECT * FROM `a_company` WHERE ( type=1 )  [ RunTime:0.0004s ]
SQL: SHOW COLUMNS FROM `a_news` [ RunTime:0.0018s ]
SQL: SELECT * FROM `a_news`  [ RunTime:0.0018s ]
INFO: [ view_parse ] --START--
INFO: [ template_filter ] --START--
INFO: Run Behavior\ContentReplaceBehavior [ RunTime:0.000156s ]
INFO: [ template_filter ] --END-- [ RunTime:0.000251s ]
INFO: Run Behavior\ParseTemplateBehavior [ RunTime:0.017290s ]
INFO: [ view_parse ] --END-- [ RunTime:0.017393s ]
INFO: [ view_filter ] --START--
INFO: Run Behavior\WriteHtmlCacheBehavior [ RunTime:0.000316s ]
INFO: [ view_filter ] --END-- [ RunTime:0.000404s ]

[ 2016-10-05T03:27:21+08:00 ] 120.76.28.5 /
INFO: [ app_init ] --START--
INFO: Run Behavior\BuildLiteBehavior [ RunTime:0.000032s ]
INFO: [ app_init ] --END-- [ RunTime:0.000836s ]
INFO: [ app_begin ] --START--
INFO: Run Behavior\ReadHtmlCacheBehavior [ RunTime:0.009648s ]
INFO: [ app_begin ] --END-- [ RunTime:0.009750s ]
NOTIC: [2048] Declaration of Home\Controller\IndexController::show() should be compatible with that of Think\Controller::show() C:\WWW\daxiang\Application\Home\Controller\IndexController.class.php 第 188 行.
SQL: SHOW COLUMNS FROM `a_company` [ RunTime:0.0172s ]
SQL: SELECT * FROM `a_company` WHERE ( type=2 )  [ RunTime:0.0023s ]
NOTIC: [8] Undefined variable: list C:\WWW\daxiang\Application\Home\Controller\IndexController.class.php 第 15 行.
SQL: SELECT * FROM `a_company` WHERE ( type=1 )  [ RunTime:0.0004s ]
SQL: SHOW COLUMNS FROM `a_news` [ RunTime:0.0082s ]
SQL: SELECT * FROM `a_news`  [ RunTime:0.0088s ]
INFO: [ view_parse ] --START--
INFO: [ template_filter ] --START--
INFO: Run Behavior\ContentReplaceBehavior [ RunTime:0.000159s ]
INFO: [ template_filter ] --END-- [ RunTime:0.000264s ]
INFO: Run Behavior\ParseTemplateBehavior [ RunTime:0.089430s ]
INFO: [ view_parse ] --END-- [ RunTime:0.089529s ]
INFO: [ view_filter ] --START--
INFO: Run Behavior\WriteHtmlCacheBehavior [ RunTime:0.006961s ]
INFO: [ view_filter ] --END-- [ RunTime:0.007055s ]
INFO: [ app_end ] --START--
INFO: Run Behavior\ShowPageTraceBehavior [ RunTime:0.010925s ]
INFO: [ app_end ] --END-- [ RunTime:0.011031s ]

[ 2016-10-05T03:27:25+08:00 ] 120.76.28.5 /
INFO: [ app_init ] --START--
INFO: Run Behavior\BuildLiteBehavior [ RunTime:0.000028s ]
INFO: [ app_init ] --END-- [ RunTime:0.000449s ]
INFO: [ app_begin ] --START--
INFO: Run Behavior\ReadHtmlCacheBehavior [ RunTime:0.000549s ]
INFO: [ app_begin ] --END-- [ RunTime:0.000669s ]
NOTIC: [2048] Declaration of Home\Controller\IndexController::show() should be compatible with that of Think\Controller::show() C:\WWW\daxiang\Application\Home\Controller\IndexController.class.php 第 188 行.
SQL: SHOW COLUMNS FROM `a_company` [ RunTime:0.0018s ]
SQL: SELECT * FROM `a_company` WHERE ( type=2 )  [ RunTime:0.0004s ]
NOTIC: [8] Undefined variable: list C:\WWW\daxiang\Application\Home\Controller\IndexController.class.php 第 15 行.
SQL: SELECT * FROM `a_company` WHERE ( type=1 )  [ RunTime:0.0004s ]
SQL: SHOW COLUMNS FROM `a_news` [ RunTime:0.0016s ]
SQL: SELECT * FROM `a_news`  [ RunTime:0.0016s ]
INFO: [ view_parse ] --START--
INFO: [ template_filter ] --START--
INFO: Run Behavior\ContentReplaceBehavior [ RunTime:0.000150s ]
INFO: [ template_filter ] --END-- [ RunTime:0.000239s ]
INFO: Run Behavior\ParseTemplateBehavior [ RunTime:0.017437s ]
INFO: [ view_parse ] --END-- [ RunTime:0.017531s ]
INFO: [ view_filter ] --START--
INFO: Run Behavior\WriteHtmlCacheBehavior [ RunTime:0.000294s ]
INFO: [ view_filter ] --END-- [ RunTime:0.000381s ]

[ 2016-10-05T04:03:36+08:00 ] 46.172.91.20 /
INFO: [ app_init ] --START--
INFO: Run Behavior\BuildLiteBehavior [ RunTime:0.000037s ]
INFO: [ app_init ] --END-- [ RunTime:0.000520s ]
INFO: [ app_begin ] --START--
INFO: Run Behavior\ReadHtmlCacheBehavior [ RunTime:0.000658s ]
INFO: [ app_begin ] --END-- [ RunTime:0.000770s ]
NOTIC: [2048] Declaration of Home\Controller\IndexController::show() should be compatible with that of Think\Controller::show() C:\WWW\daxiang\Application\Home\Controller\IndexController.class.php 第 188 行.
SQL: SHOW COLUMNS FROM `a_company` [ RunTime:0.0030s ]
SQL: SELECT * FROM `a_company` WHERE ( type=2 )  [ RunTime:0.0004s ]
NOTIC: [8] Undefined variable: list C:\WWW\daxiang\Application\Home\Controller\IndexController.class.php 第 15 行.
SQL: SELECT * FROM `a_company` WHERE ( type=1 )  [ RunTime:0.0004s ]
SQL: SHOW COLUMNS FROM `a_news` [ RunTime:0.0019s ]
SQL: SELECT * FROM `a_news`  [ RunTime:0.0017s ]
INFO: [ view_parse ] --START--
INFO: [ template_filter ] --START--
INFO: Run Behavior\ContentReplaceBehavior [ RunTime:0.000156s ]
INFO: [ template_filter ] --END-- [ RunTime:0.000254s ]
INFO: Run Behavior\ParseTemplateBehavior [ RunTime:0.018986s ]
INFO: [ view_parse ] --END-- [ RunTime:0.019125s ]
INFO: [ view_filter ] --START--
INFO: Run Behavior\WriteHtmlCacheBehavior [ RunTime:0.000378s ]
INFO: [ view_filter ] --END-- [ RunTime:0.000460s ]
INFO: [ app_end ] --START--
INFO: Run Behavior\ShowPageTraceBehavior [ RunTime:0.000639s ]
INFO: [ app_end ] --END-- [ RunTime:0.000732s ]

[ 2016-10-05T05:04:24+08:00 ] 42.156.251.188 /
INFO: [ app_init ] --START--
INFO: Run Behavior\BuildLiteBehavior [ RunTime:0.000029s ]
INFO: [ app_init ] --END-- [ RunTime:0.000462s ]
INFO: [ app_begin ] --START--
INFO: Run Behavior\ReadHtmlCacheBehavior [ RunTime:0.000679s ]
INFO: [ app_begin ] --END-- [ RunTime:0.000783s ]
NOTIC: [2048] Declaration of Home\Controller\IndexController::show() should be compatible with that of Think\Controller::show() C:\WWW\daxiang\Application\Home\Controller\IndexController.class.php 第 188 行.
SQL: SHOW COLUMNS FROM `a_company` [ RunTime:0.0028s ]
SQL: SELECT * FROM `a_company` WHERE ( type=2 )  [ RunTime:0.0004s ]
NOTIC: [8] Undefined variable: list C:\WWW\daxiang\Application\Home\Controller\IndexController.class.php 第 15 行.
SQL: SELECT * FROM `a_company` WHERE ( type=1 )  [ RunTime:0.0004s ]
SQL: SHOW COLUMNS FROM `a_news` [ RunTime:0.0018s ]
SQL: SELECT * FROM `a_news`  [ RunTime:0.0016s ]
INFO: [ view_parse ] --START--
INFO: [ template_filter ] --START--
INFO: Run Behavior\ContentReplaceBehavior [ RunTime:0.000153s ]
INFO: [ template_filter ] --END-- [ RunTime:0.000246s ]
INFO: Run Behavior\ParseTemplateBehavior [ RunTime:0.017023s ]
INFO: [ view_parse ] --END-- [ RunTime:0.017127s ]
INFO: [ view_filter ] --START--
INFO: Run Behavior\WriteHtmlCacheBehavior [ RunTime:0.000376s ]
INFO: [ view_filter ] --END-- [ RunTime:0.000457s ]
INFO: [ app_end ] --START--
INFO: Run Behavior\ShowPageTraceBehavior [ RunTime:0.000666s ]
INFO: [ app_end ] --END-- [ RunTime:0.000757s ]

[ 2016-10-05T05:04:45+08:00 ] 42.156.251.188 /
INFO: [ app_init ] --START--
INFO: Run Behavior\BuildLiteBehavior [ RunTime:0.000029s ]
INFO: [ app_init ] --END-- [ RunTime:0.000486s ]
INFO: [ app_begin ] --START--
INFO: Run Behavior\ReadHtmlCacheBehavior [ RunTime:0.000573s ]
INFO: [ app_begin ] --END-- [ RunTime:0.000672s ]
NOTIC: [2048] Declaration of Home\Controller\IndexController::show() should be compatible with that of Think\Controller::show() C:\WWW\daxiang\Application\Home\Controller\IndexController.class.php 第 188 行.
SQL: SHOW COLUMNS FROM `a_company` [ RunTime:0.0020s ]
SQL: SELECT * FROM `a_company` WHERE ( type=2 )  [ RunTime:0.0004s ]
NOTIC: [8] Undefined variable: list C:\WWW\daxiang\Application\Home\Controller\IndexController.class.php 第 15 行.
SQL: SELECT * FROM `a_company` WHERE ( type=1 )  [ RunTime:0.0004s ]
SQL: SHOW COLUMNS FROM `a_news` [ RunTime:0.0017s ]
SQL: SELECT * FROM `a_news`  [ RunTime:0.0017s ]
INFO: [ view_parse ] --START--
INFO: [ template_filter ] --START--
INFO: Run Behavior\ContentReplaceBehavior [ RunTime:0.000188s ]
INFO: [ template_filter ] --END-- [ RunTime:0.000287s ]
INFO: Run Behavior\ParseTemplateBehavior [ RunTime:0.017931s ]
INFO: [ view_parse ] --END-- [ RunTime:0.018029s ]
INFO: [ view_filter ] --START--
INFO: Run Behavior\WriteHtmlCacheBehavior [ RunTime:0.000314s ]
INFO: [ view_filter ] --END-- [ RunTime:0.000394s ]
INFO: [ app_end ] --START--
INFO: Run Behavior\ShowPageTraceBehavior [ RunTime:0.000667s ]
INFO: [ app_end ] --END-- [ RunTime:0.000759s ]

[ 2016-10-05T06:45:14+08:00 ] 54.167.246.209 /
INFO: [ app_init ] --START--
INFO: Run Behavior\BuildLiteBehavior [ RunTime:0.000030s ]
INFO: [ app_init ] --END-- [ RunTime:0.000497s ]
INFO: [ app_begin ] --START--
INFO: Run Behavior\ReadHtmlCacheBehavior [ RunTime:0.000742s ]
INFO: [ app_begin ] --END-- [ RunTime:0.000865s ]
NOTIC: [2048] Declaration of Home\Controller\IndexController::show() should be compatible with that of Think\Controller::show() C:\WWW\daxiang\Application\Home\Controller\IndexController.class.php 第 188 行.
SQL: SHOW COLUMNS FROM `a_company` [ RunTime:0.0021s ]
SQL: SELECT * FROM `a_company` WHERE ( type=2 )  [ RunTime:0.0004s ]
NOTIC: [8] Undefined variable: list C:\WWW\daxiang\Application\Home\Controller\IndexController.class.php 第 15 行.
SQL: SELECT * FROM `a_company` WHERE ( type=1 )  [ RunTime:0.0004s ]
SQL: SHOW COLUMNS FROM `a_news` [ RunTime:0.0018s ]
SQL: SELECT * FROM `a_news`  [ RunTime:0.0016s ]
INFO: [ view_parse ] --START--
INFO: [ template_filter ] --START--
INFO: Run Behavior\ContentReplaceBehavior [ RunTime:0.000156s ]
INFO: [ template_filter ] --END-- [ RunTime:0.000251s ]
INFO: Run Behavior\ParseTemplateBehavior [ RunTime:0.017566s ]
INFO: [ view_parse ] --END-- [ RunTime:0.017703s ]
INFO: [ view_filter ] --START--
INFO: Run Behavior\WriteHtmlCacheBehavior [ RunTime:0.000389s ]
INFO: [ view_filter ] --END-- [ RunTime:0.000469s ]

[ 2016-10-05T11:48:04+08:00 ] 94.241.161.221 /
INFO: [ app_init ] --START--
INFO: Run Behavior\BuildLiteBehavior [ RunTime:0.000037s ]
INFO: [ app_init ] --END-- [ RunTime:0.000488s ]
INFO: [ app_begin ] --START--
INFO: Run Behavior\ReadHtmlCacheBehavior [ RunTime:0.000634s ]
INFO: [ app_begin ] --END-- [ RunTime:0.000736s ]
NOTIC: [2048] Declaration of Home\Controller\IndexController::show() should be compatible with that of Think\Controller::show() C:\WWW\daxiang\Application\Home\Controller\IndexController.class.php 第 188 行.
SQL: SHOW COLUMNS FROM `a_company` [ RunTime:0.0022s ]
SQL: SELECT * FROM `a_company` WHERE ( type=2 )  [ RunTime:0.0004s ]
NOTIC: [8] Undefined variable: list C:\WWW\daxiang\Application\Home\Controller\IndexController.class.php 第 15 行.
SQL: SELECT * FROM `a_company` WHERE ( type=1 )  [ RunTime:0.0004s ]
SQL: SHOW COLUMNS FROM `a_news` [ RunTime:0.0067s ]
SQL: SELECT * FROM `a_news`  [ RunTime:0.0021s ]
INFO: [ view_parse ] --START--
INFO: [ template_filter ] --START--
INFO: Run Behavior\ContentReplaceBehavior [ RunTime:0.000158s ]
INFO: [ template_filter ] --END-- [ RunTime:0.000269s ]
INFO: Run Behavior\ParseTemplateBehavior [ RunTime:0.018305s ]
INFO: [ view_parse ] --END-- [ RunTime:0.018435s ]
INFO: [ view_filter ] --START--
INFO: Run Behavior\WriteHtmlCacheBehavior [ RunTime:0.000459s ]
INFO: [ view_filter ] --END-- [ RunTime:0.000549s ]
INFO: [ app_end ] --START--
INFO: Run Behavior\ShowPageTraceBehavior [ RunTime:0.008827s ]
INFO: [ app_end ] --END-- [ RunTime:0.008946s ]

[ 2016-10-05T12:04:10+08:00 ] 63.141.242.198 /
INFO: [ app_init ] --START--
INFO: Run Behavior\BuildLiteBehavior [ RunTime:0.000051s ]
INFO: [ app_init ] --END-- [ RunTime:0.000565s ]
INFO: [ app_begin ] --START--
INFO: Run Behavior\ReadHtmlCacheBehavior [ RunTime:0.000727s ]
INFO: [ app_begin ] --END-- [ RunTime:0.000847s ]
NOTIC: [2048] Declaration of Home\Controller\IndexController::show() should be compatible with that of Think\Controller::show() C:\WWW\daxiang\Application\Home\Controller\IndexController.class.php 第 188 行.
SQL: SHOW COLUMNS FROM `a_company` [ RunTime:0.0024s ]
SQL: SELECT * FROM `a_company` WHERE ( type=2 )  [ RunTime:0.0004s ]
NOTIC: [8] Undefined variable: list C:\WWW\daxiang\Application\Home\Controller\IndexController.class.php 第 15 行.
SQL: SELECT * FROM `a_company` WHERE ( type=1 )  [ RunTime:0.0004s ]
SQL: SHOW COLUMNS FROM `a_news` [ RunTime:0.0022s ]
SQL: SELECT * FROM `a_news`  [ RunTime:0.0020s ]
INFO: [ view_parse ] --START--
INFO: [ template_filter ] --START--
INFO: Run Behavior\ContentReplaceBehavior [ RunTime:0.000178s ]
INFO: [ template_filter ] --END-- [ RunTime:0.000307s ]
INFO: Run Behavior\ParseTemplateBehavior [ RunTime:0.018884s ]
INFO: [ view_parse ] --END-- [ RunTime:0.019017s ]
INFO: [ view_filter ] --START--
INFO: Run Behavior\WriteHtmlCacheBehavior [ RunTime:0.000471s ]
INFO: [ view_filter ] --END-- [ RunTime:0.000560s ]
INFO: [ app_end ] --START--
INFO: Run Behavior\ShowPageTraceBehavior [ RunTime:0.000673s ]
INFO: [ app_end ] --END-- [ RunTime:0.000773s ]

[ 2016-10-05T14:47:26+08:00 ] 121.42.0.73 /
INFO: [ app_init ] --START--
INFO: Run Behavior\BuildLiteBehavior [ RunTime:0.000029s ]
INFO: [ app_init ] --END-- [ RunTime:0.000468s ]
INFO: [ app_begin ] --START--
INFO: Run Behavior\ReadHtmlCacheBehavior [ RunTime:0.000635s ]
INFO: [ app_begin ] --END-- [ RunTime:0.000737s ]
NOTIC: [2048] Declaration of Home\Controller\IndexController::show() should be compatible with that of Think\Controller::show() C:\WWW\daxiang\Application\Home\Controller\IndexController.class.php 第 188 行.
SQL: SHOW COLUMNS FROM `a_company` [ RunTime:0.0022s ]
SQL: SELECT * FROM `a_company` WHERE ( type=2 )  [ RunTime:0.0004s ]
NOTIC: [8] Undefined variable: list C:\WWW\daxiang\Application\Home\Controller\IndexController.class.php 第 15 行.
SQL: SELECT * FROM `a_company` WHERE ( type=1 )  [ RunTime:0.0004s ]
SQL: SHOW COLUMNS FROM `a_news` [ RunTime:0.0019s ]
SQL: SELECT * FROM `a_news`  [ RunTime:0.0017s ]
INFO: [ view_parse ] --START--
INFO: [ template_filter ] --START--
INFO: Run Behavior\ContentReplaceBehavior [ RunTime:0.000154s ]
INFO: [ template_filter ] --END-- [ RunTime:0.000247s ]
INFO: Run Behavior\ParseTemplateBehavior [ RunTime:0.017057s ]
INFO: [ view_parse ] --END-- [ RunTime:0.017156s ]
INFO: [ view_filter ] --START--
INFO: Run Behavior\WriteHtmlCacheBehavior [ RunTime:0.000380s ]
INFO: [ view_filter ] --END-- [ RunTime:0.000461s ]
INFO: [ app_end ] --START--
INFO: Run Behavior\ShowPageTraceBehavior [ RunTime:0.000625s ]
INFO: [ app_end ] --END-- [ RunTime:0.000716s ]

[ 2016-10-05T14:47:27+08:00 ] 121.42.0.73 /index.php/Home/Index/show.html?id=3
INFO: [ app_init ] --START--
INFO: Run Behavior\BuildLiteBehavior [ RunTime:0.000031s ]
INFO: [ app_init ] --END-- [ RunTime:0.000528s ]
INFO: [ app_begin ] --START--
INFO: Run Behavior\ReadHtmlCacheBehavior [ RunTime:0.000563s ]
INFO: [ app_begin ] --END-- [ RunTime:0.000669s ]
NOTIC: [2048] Declaration of Home\Controller\IndexController::show() should be compatible with that of Think\Controller::show() C:\WWW\daxiang\Application\Home\Controller\IndexController.class.php 第 188 行.
SQL: SHOW COLUMNS FROM `a_company` [ RunTime:0.0018s ]
SQL: SELECT * FROM `a_company` WHERE ( id=3 ) LIMIT 1   [ RunTime:0.0003s ]
INFO: [ view_parse ] --START--
INFO: [ template_filter ] --START--
INFO: Run Behavior\ContentReplaceBehavior [ RunTime:0.000071s ]
INFO: [ template_filter ] --END-- [ RunTime:0.000170s ]
NOTIC: [8] Use of undefined constant id - assumed 'id' C:\WWW\daxiang\Application\Runtime\Cache\Home\ef90aeb0d15d5181851dc046c9941189.php 第 37 行.
NOTIC: [8] Use of undefined constant id - assumed 'id' C:\WWW\daxiang\Application\Runtime\Cache\Home\ef90aeb0d15d5181851dc046c9941189.php 第 38 行.
INFO: Run Behavior\ParseTemplateBehavior [ RunTime:0.006197s ]
INFO: [ view_parse ] --END-- [ RunTime:0.006305s ]
INFO: [ view_filter ] --START--
INFO: Run Behavior\WriteHtmlCacheBehavior [ RunTime:0.000327s ]
INFO: [ view_filter ] --END-- [ RunTime:0.000413s ]
INFO: [ app_end ] --START--
INFO: Run Behavior\ShowPageTraceBehavior [ RunTime:0.000616s ]
INFO: [ app_end ] --END-- [ RunTime:0.000712s ]

[ 2016-10-05T14:47:27+08:00 ] 121.42.0.73 /index.php/Home/Index/show.html?id=1
INFO: [ app_init ] --START--
INFO: Run Behavior\BuildLiteBehavior [ RunTime:0.000031s ]
INFO: [ app_init ] --END-- [ RunTime:0.000559s ]
INFO: [ app_begin ] --START--
INFO: Run Behavior\ReadHtmlCacheBehavior [ RunTime:0.000663s ]
INFO: [ app_begin ] --END-- [ RunTime:0.000772s ]
NOTIC: [2048] Declaration of Home\Controller\IndexController::show() should be compatible with that of Think\Controller::show() C:\WWW\daxiang\Application\Home\Controller\IndexController.class.php 第 188 行.
SQL: SHOW COLUMNS FROM `a_company` [ RunTime:0.0038s ]
SQL: SELECT * FROM `a_company` WHERE ( id=1 ) LIMIT 1   [ RunTime:0.0010s ]
INFO: [ view_parse ] --START--
INFO: [ template_filter ] --START--
INFO: Run Behavior\ContentReplaceBehavior [ RunTime:0.000073s ]
INFO: [ template_filter ] --END-- [ RunTime:0.000172s ]
NOTIC: [8] Use of undefined constant id - assumed 'id' C:\WWW\daxiang\Application\Runtime\Cache\Home\ef90aeb0d15d5181851dc046c9941189.php 第 37 行.
NOTIC: [8] Use of undefined constant id - assumed 'id' C:\WWW\daxiang\Application\Runtime\Cache\Home\ef90aeb0d15d5181851dc046c9941189.php 第 38 行.
INFO: Run Behavior\ParseTemplateBehavior [ RunTime:0.022542s ]
INFO: [ view_parse ] --END-- [ RunTime:0.022645s ]
INFO: [ view_filter ] --START--
INFO: Run Behavior\WriteHtmlCacheBehavior [ RunTime:0.000391s ]
INFO: [ view_filter ] --END-- [ RunTime:0.000478s ]
INFO: [ app_end ] --START--
INFO: Run Behavior\ShowPageTraceBehavior [ RunTime:0.000630s ]
INFO: [ app_end ] --END-- [ RunTime:0.000781s ]

[ 2016-10-05T14:47:27+08:00 ] 121.42.0.73 /index.php/Home/Index/show.html?id=15
INFO: [ app_init ] --START--
INFO: Run Behavior\BuildLiteBehavior [ RunTime:0.000031s ]
INFO: [ app_init ] --END-- [ RunTime:0.000476s ]
INFO: [ app_begin ] --START--
INFO: Run Behavior\ReadHtmlCacheBehavior [ RunTime:0.000656s ]
INFO: [ app_begin ] --END-- [ RunTime:0.000762s ]
NOTIC: [2048] Declaration of Home\Controller\IndexController::show() should be compatible with that of Think\Controller::show() C:\WWW\daxiang\Application\Home\Controller\IndexController.class.php 第 188 行.
SQL: SHOW COLUMNS FROM `a_company` [ RunTime:0.0042s ]
SQL: SELECT * FROM `a_company` WHERE ( id=15 ) LIMIT 1   [ RunTime:0.0029s ]
INFO: [ view_parse ] --START--
INFO: [ template_filter ] --START--
INFO: Run Behavior\ContentReplaceBehavior [ RunTime:0.000071s ]
INFO: [ template_filter ] --END-- [ RunTime:0.000171s ]
NOTIC: [8] Use of undefined constant id - assumed 'id' C:\WWW\daxiang\Application\Runtime\Cache\Home\ef90aeb0d15d5181851dc046c9941189.php 第 37 行.
NOTIC: [8] Use of undefined constant id - assumed 'id' C:\WWW\daxiang\Application\Runtime\Cache\Home\ef90aeb0d15d5181851dc046c9941189.php 第 38 行.
INFO: Run Behavior\ParseTemplateBehavior [ RunTime:0.022059s ]
INFO: [ view_parse ] --END-- [ RunTime:0.022164s ]
INFO: [ view_filter ] --START--
INFO: Run Behavior\WriteHtmlCacheBehavior [ RunTime:0.000397s ]
INFO: [ view_filter ] --END-- [ RunTime:0.000484s ]
INFO: [ app_end ] --START--
INFO: Run Behavior\ShowPageTraceBehavior [ RunTime:0.000696s ]
INFO: [ app_end ] --END-- [ RunTime:0.000792s ]

[ 2016-10-05T14:47:27+08:00 ] 121.42.0.73 /index.php/Home/Index/show.html?id=2
INFO: [ app_init ] --START--
INFO: Run Behavior\BuildLiteBehavior [ RunTime:0.000030s ]
INFO: [ app_init ] --END-- [ RunTime:0.000493s ]
INFO: [ app_begin ] --START--
INFO: Run Behavior\ReadHtmlCacheBehavior [ RunTime:0.000647s ]
INFO: [ app_begin ] --END-- [ RunTime:0.000756s ]
NOTIC: [2048] Declaration of Home\Controller\IndexController::show() should be compatible with that of Think\Controller::show() C:\WWW\daxiang\Application\Home\Controller\IndexController.class.php 第 188 行.
SQL: SHOW COLUMNS FROM `a_company` [ RunTime:0.0361s ]
SQL: SELECT * FROM `a_company` WHERE ( id=2 ) LIMIT 1   [ RunTime:0.0004s ]
INFO: [ view_parse ] --START--
INFO: [ template_filter ] --START--
INFO: Run Behavior\ContentReplaceBehavior [ RunTime:0.000072s ]
INFO: [ template_filter ] --END-- [ RunTime:0.000169s ]
NOTIC: [8] Use of undefined constant id - assumed 'id' C:\WWW\daxiang\Application\Runtime\Cache\Home\ef90aeb0d15d5181851dc046c9941189.php 第 37 行.
NOTIC: [8] Use of undefined constant id - assumed 'id' C:\WWW\daxiang\Application\Runtime\Cache\Home\ef90aeb0d15d5181851dc046c9941189.php 第 38 行.
INFO: Run Behavior\ParseTemplateBehavior [ RunTime:0.006233s ]
INFO: [ view_parse ] --END-- [ RunTime:0.006338s ]
INFO: [ view_filter ] --START--
INFO: Run Behavior\WriteHtmlCacheBehavior [ RunTime:0.000390s ]
INFO: [ view_filter ] --END-- [ RunTime:0.000487s ]
INFO: [ app_end ] --START--
INFO: Run Behavior\ShowPageTraceBehavior [ RunTime:0.000635s ]
INFO: [ app_end ] --END-- [ RunTime:0.000732s ]

[ 2016-10-05T14:47:27+08:00 ] 121.42.0.73 /index.php/Home/Index/show.html?id=19
INFO: [ app_init ] --START--
INFO: Run Behavior\BuildLiteBehavior [ RunTime:0.000031s ]
INFO: [ app_init ] --END-- [ RunTime:0.000477s ]
INFO: [ app_begin ] --START--
INFO: Run Behavior\ReadHtmlCacheBehavior [ RunTime:0.000638s ]
INFO: [ app_begin ] --END-- [ RunTime:0.000747s ]
NOTIC: [2048] Declaration of Home\Controller\IndexController::show() should be compatible with that of Think\Controller::show() C:\WWW\daxiang\Application\Home\Controller\IndexController.class.php 第 188 行.
SQL: SHOW COLUMNS FROM `a_company` [ RunTime:0.0040s ]
SQL: SELECT * FROM `a_company` WHERE ( id=19 ) LIMIT 1   [ RunTime:0.0009s ]
INFO: [ view_parse ] --START--
INFO: [ template_filter ] --START--
INFO: Run Behavior\ContentReplaceBehavior [ RunTime:0.000081s ]
INFO: [ template_filter ] --END-- [ RunTime:0.000182s ]
INFO: Run Behavior\ParseTemplateBehavior [ RunTime:0.015037s ]
INFO: [ view_parse ] --END-- [ RunTime:0.015172s ]
INFO: [ view_filter ] --START--
INFO: Run Behavior\WriteHtmlCacheBehavior [ RunTime:0.000326s ]
INFO: [ view_filter ] --END-- [ RunTime:0.000415s ]
INFO: [ app_end ] --START--
INFO: Run Behavior\ShowPageTraceBehavior [ RunTime:0.000605s ]
INFO: [ app_end ] --END-- [ RunTime:0.000700s ]

[ 2016-10-05T14:47:27+08:00 ] 121.42.0.73 /index.php/Home/Index/show.html?id=20
INFO: [ app_init ] --START--
INFO: Run Behavior\BuildLiteBehavior [ RunTime:0.000030s ]
INFO: [ app_init ] --END-- [ RunTime:0.000428s ]
INFO: [ app_begin ] --START--
INFO: Run Behavior\ReadHtmlCacheBehavior [ RunTime:0.000554s ]
INFO: [ app_begin ] --END-- [ RunTime:0.000662s ]
NOTIC: [2048] Declaration of Home\Controller\IndexController::show() should be compatible with that of Think\Controller::show() C:\WWW\daxiang\Application\Home\Controller\IndexController.class.php 第 188 行.
SQL: SHOW COLUMNS FROM `a_company` [ RunTime:0.0043s ]
SQL: SELECT * FROM `a_company` WHERE ( id=20 ) LIMIT 1   [ RunTime:0.0065s ]
INFO: [ view_parse ] --START--
INFO: [ template_filter ] --START--
INFO: Run Behavior\ContentReplaceBehavior [ RunTime:0.000072s ]
INFO: [ template_filter ] --END-- [ RunTime:0.000175s ]
NOTIC: [8] Use of undefined constant id - assumed 'id' C:\WWW\daxiang\Application\Runtime\Cache\Home\ef90aeb0d15d5181851dc046c9941189.php 第 37 行.
NOTIC: [8] Use of undefined constant id - assumed 'id' C:\WWW\daxiang\Application\Runtime\Cache\Home\ef90aeb0d15d5181851dc046c9941189.php 第 38 行.
INFO: Run Behavior\ParseTemplateBehavior [ RunTime:0.011714s ]
INFO: [ view_parse ] --END-- [ RunTime:0.011818s ]
INFO: [ view_filter ] --START--
INFO: Run Behavior\WriteHtmlCacheBehavior [ RunTime:0.000336s ]
INFO: [ view_filter ] --END-- [ RunTime:0.000420s ]
INFO: [ app_end ] --START--
INFO: Run Behavior\ShowPageTraceBehavior [ RunTime:0.000559s ]
INFO: [ app_end ] --END-- [ RunTime:0.000663s ]

[ 2016-10-05T14:47:27+08:00 ] 121.42.0.73 /index.php/Home/Index/show.html?id=17
INFO: [ app_init ] --START--
INFO: Run Behavior\BuildLiteBehavior [ RunTime:0.000034s ]
INFO: [ app_init ] --END-- [ RunTime:0.000496s ]
INFO: [ app_begin ] --START--
INFO: Run Behavior\ReadHtmlCacheBehavior [ RunTime:0.000656s ]
INFO: [ app_begin ] --END-- [ RunTime:0.000766s ]
NOTIC: [2048] Declaration of Home\Controller\IndexController::show() should be compatible with that of Think\Controller::show() C:\WWW\daxiang\Application\Home\Controller\IndexController.class.php 第 188 行.
SQL: SHOW COLUMNS FROM `a_company` [ RunTime:0.0151s ]
SQL: SELECT * FROM `a_company` WHERE ( id=17 ) LIMIT 1   [ RunTime:0.0003s ]
INFO: [ view_parse ] --START--
INFO: [ template_filter ] --START--
INFO: Run Behavior\ContentReplaceBehavior [ RunTime:0.000100s ]
INFO: [ template_filter ] --END-- [ RunTime:0.000204s ]
NOTIC: [8] Use of undefined constant id - assumed 'id' C:\WWW\daxiang\Application\Runtime\Cache\Home\ef90aeb0d15d5181851dc046c9941189.php 第 37 行.
NOTIC: [8] Use of undefined constant id - assumed 'id' C:\WWW\daxiang\Application\Runtime\Cache\Home\ef90aeb0d15d5181851dc046c9941189.php 第 38 行.
INFO: Run Behavior\ParseTemplateBehavior [ RunTime:0.006286s ]
INFO: [ view_parse ] --END-- [ RunTime:0.006389s ]
INFO: [ view_filter ] --START--
INFO: Run Behavior\WriteHtmlCacheBehavior [ RunTime:0.000389s ]
INFO: [ view_filter ] --END-- [ RunTime:0.000477s ]
INFO: [ app_end ] --START--
INFO: Run Behavior\ShowPageTraceBehavior [ RunTime:0.000636s ]
INFO: [ app_end ] --END-- [ RunTime:0.000733s ]

[ 2016-10-05T14:47:27+08:00 ] 121.42.0.73 /index.php/Home/Index/show.html?id=18
INFO: [ app_init ] --START--
INFO: Run Behavior\BuildLiteBehavior [ RunTime:0.000048s ]
INFO: [ app_init ] --END-- [ RunTime:0.000735s ]
INFO: [ app_begin ] --START--
INFO: Run Behavior\ReadHtmlCacheBehavior [ RunTime:0.000669s ]
INFO: [ app_begin ] --END-- [ RunTime:0.000779s ]
NOTIC: [2048] Declaration of Home\Controller\IndexController::show() should be compatible with that of Think\Controller::show() C:\WWW\daxiang\Application\Home\Controller\IndexController.class.php 第 188 行.
SQL: SHOW COLUMNS FROM `a_company` [ RunTime:0.0294s ]
SQL: SELECT * FROM `a_company` WHERE ( id=18 ) LIMIT 1   [ RunTime:0.0003s ]
INFO: [ view_parse ] --START--
INFO: [ template_filter ] --START--
INFO: Run Behavior\ContentReplaceBehavior [ RunTime:0.000071s ]
INFO: [ template_filter ] --END-- [ RunTime:0.000169s ]
NOTIC: [8] Use of undefined constant id - assumed 'id' C:\WWW\daxiang\Application\Runtime\Cache\Home\ef90aeb0d15d5181851dc046c9941189.php 第 37 行.
NOTIC: [8] Use of undefined constant id - assumed 'id' C:\WWW\daxiang\Application\Runtime\Cache\Home\ef90aeb0d15d5181851dc046c9941189.php 第 38 行.
INFO: Run Behavior\ParseTemplateBehavior [ RunTime:0.006892s ]
INFO: [ view_parse ] --END-- [ RunTime:0.006998s ]
INFO: [ view_filter ] --START--
INFO: Run Behavior\WriteHtmlCacheBehavior [ RunTime:0.000454s ]
INFO: [ view_filter ] --END-- [ RunTime:0.000547s ]
INFO: [ app_end ] --START--
INFO: Run Behavior\ShowPageTraceBehavior [ RunTime:0.000629s ]
INFO: [ app_end ] --END-- [ RunTime:0.000732s ]

[ 2016-10-05T17:23:49+08:00 ] 63.141.242.198 /
INFO: [ app_init ] --START--
INFO: Run Behavior\BuildLiteBehavior [ RunTime:0.000031s ]
INFO: [ app_init ] --END-- [ RunTime:0.000480s ]
INFO: [ app_begin ] --START--
INFO: Run Behavior\ReadHtmlCacheBehavior [ RunTime:0.000684s ]
INFO: [ app_begin ] --END-- [ RunTime:0.000793s ]
NOTIC: [2048] Declaration of Home\Controller\IndexController::show() should be compatible with that of Think\Controller::show() C:\WWW\daxiang\Application\Home\Controller\IndexController.class.php 第 188 行.
SQL: SHOW COLUMNS FROM `a_company` [ RunTime:0.0028s ]
SQL: SELECT * FROM `a_company` WHERE ( type=2 )  [ RunTime:0.0004s ]
NOTIC: [8] Undefined variable: list C:\WWW\daxiang\Application\Home\Controller\IndexController.class.php 第 15 行.
SQL: SELECT * FROM `a_company` WHERE ( type=1 )  [ RunTime:0.0004s ]
SQL: SHOW COLUMNS FROM `a_news` [ RunTime:0.0018s ]
SQL: SELECT * FROM `a_news`  [ RunTime:0.0019s ]
INFO: [ view_parse ] --START--
INFO: [ template_filter ] --START--
INFO: Run Behavior\ContentReplaceBehavior [ RunTime:0.000164s ]
INFO: [ template_filter ] --END-- [ RunTime:0.000269s ]
INFO: Run Behavior\ParseTemplateBehavior [ RunTime:0.017061s ]
INFO: [ view_parse ] --END-- [ RunTime:0.017163s ]
INFO: [ view_filter ] --START--
INFO: Run Behavior\WriteHtmlCacheBehavior [ RunTime:0.000425s ]
INFO: [ view_filter ] --END-- [ RunTime:0.000508s ]
INFO: [ app_end ] --START--
INFO: Run Behavior\ShowPageTraceBehavior [ RunTime:0.000616s ]
INFO: [ app_end ] --END-- [ RunTime:0.000708s ]

[ 2016-10-05T18:02:21+08:00 ] 178.173.164.105 /
INFO: [ app_init ] --START--
INFO: Run Behavior\BuildLiteBehavior [ RunTime:0.000032s ]
INFO: [ app_init ] --END-- [ RunTime:0.000853s ]
INFO: [ app_begin ] --START--
INFO: Run Behavior\ReadHtmlCacheBehavior [ RunTime:0.003963s ]
INFO: [ app_begin ] --END-- [ RunTime:0.004067s ]
NOTIC: [2048] Declaration of Home\Controller\IndexController::show() should be compatible with that of Think\Controller::show() C:\WWW\daxiang\Application\Home\Controller\IndexController.class.php 第 188 行.
SQL: SHOW COLUMNS FROM `a_company` [ RunTime:0.0161s ]
SQL: SELECT * FROM `a_company` WHERE ( type=2 )  [ RunTime:0.0102s ]
NOTIC: [8] Undefined variable: list C:\WWW\daxiang\Application\Home\Controller\IndexController.class.php 第 15 行.
SQL: SELECT * FROM `a_company` WHERE ( type=1 )  [ RunTime:0.0004s ]
SQL: SHOW COLUMNS FROM `a_news` [ RunTime:0.0081s ]
SQL: SELECT * FROM `a_news`  [ RunTime:0.0158s ]
INFO: [ view_parse ] --START--
INFO: [ template_filter ] --START--
INFO: Run Behavior\ContentReplaceBehavior [ RunTime:0.000157s ]
INFO: [ template_filter ] --END-- [ RunTime:0.000259s ]
INFO: Run Behavior\ParseTemplateBehavior [ RunTime:0.078412s ]
INFO: [ view_parse ] --END-- [ RunTime:0.078514s ]
INFO: [ view_filter ] --START--
INFO: Run Behavior\WriteHtmlCacheBehavior [ RunTime:0.003362s ]
INFO: [ view_filter ] --END-- [ RunTime:0.003446s ]
INFO: [ app_end ] --START--
INFO: Run Behavior\ShowPageTraceBehavior [ RunTime:0.033379s ]
INFO: [ app_end ] --END-- [ RunTime:0.033501s ]

[ 2016-10-05T20:22:56+08:00 ] 183.129.160.229 
INFO: [ app_init ] --START--
INFO: Run Behavior\BuildLiteBehavior [ RunTime:0.000032s ]
INFO: [ app_init ] --END-- [ RunTime:0.000845s ]
INFO: [ app_begin ] --START--
INFO: Run Behavior\ReadHtmlCacheBehavior [ RunTime:0.003484s ]
INFO: [ app_begin ] --END-- [ RunTime:0.003589s ]
NOTIC: [2048] Declaration of Home\Controller\IndexController::show() should be compatible with that of Think\Controller::show() C:\WWW\daxiang\Application\Home\Controller\IndexController.class.php 第 188 行.
SQL: SHOW COLUMNS FROM `a_company` [ RunTime:0.0190s ]
SQL: SELECT * FROM `a_company` WHERE ( type=2 )  [ RunTime:0.0030s ]
NOTIC: [8] Undefined variable: list C:\WWW\daxiang\Application\Home\Controller\IndexController.class.php 第 15 行.
SQL: SELECT * FROM `a_company` WHERE ( type=1 )  [ RunTime:0.0010s ]
SQL: SHOW COLUMNS FROM `a_news` [ RunTime:0.0085s ]
SQL: SELECT * FROM `a_news`  [ RunTime:0.0146s ]
INFO: [ view_parse ] --START--
INFO: [ template_filter ] --START--
INFO: Run Behavior\ContentReplaceBehavior [ RunTime:0.000179s ]
INFO: [ template_filter ] --END-- [ RunTime:0.000314s ]
INFO: Run Behavior\ParseTemplateBehavior [ RunTime:0.170274s ]
INFO: [ view_parse ] --END-- [ RunTime:0.170379s ]
INFO: [ view_filter ] --START--
INFO: Run Behavior\WriteHtmlCacheBehavior [ RunTime:0.004003s ]
INFO: [ view_filter ] --END-- [ RunTime:0.004113s ]
INFO: [ app_end ] --START--
INFO: Run Behavior\ShowPageTraceBehavior [ RunTime:0.015505s ]
INFO: [ app_end ] --END-- [ RunTime:0.015620s ]

[ 2016-10-05T20:22:56+08:00 ] 183.129.160.229 /
INFO: [ app_init ] --START--
INFO: Run Behavior\BuildLiteBehavior [ RunTime:0.000031s ]
INFO: [ app_init ] --END-- [ RunTime:0.000484s ]
INFO: [ app_begin ] --START--
INFO: Run Behavior\ReadHtmlCacheBehavior [ RunTime:0.002544s ]
INFO: [ app_begin ] --END-- [ RunTime:0.002645s ]
NOTIC: [2048] Declaration of Home\Controller\IndexController::show() should be compatible with that of Think\Controller::show() C:\WWW\daxiang\Application\Home\Controller\IndexController.class.php 第 188 行.
SQL: SHOW COLUMNS FROM `a_company` [ RunTime:0.0148s ]
SQL: SELECT * FROM `a_company` WHERE ( type=2 )  [ RunTime:0.0030s ]
NOTIC: [8] Undefined variable: list C:\WWW\daxiang\Application\Home\Controller\IndexController.class.php 第 15 行.
SQL: SELECT * FROM `a_company` WHERE ( type=1 )  [ RunTime:0.0017s ]
SQL: SHOW COLUMNS FROM `a_news` [ RunTime:0.0078s ]
SQL: SELECT * FROM `a_news`  [ RunTime:0.0295s ]
INFO: [ view_parse ] --START--
INFO: [ template_filter ] --START--
INFO: Run Behavior\ContentReplaceBehavior [ RunTime:0.000160s ]
INFO: [ template_filter ] --END-- [ RunTime:0.000269s ]
INFO: Run Behavior\ParseTemplateBehavior [ RunTime:0.157893s ]
INFO: [ view_parse ] --END-- [ RunTime:0.157997s ]
INFO: [ view_filter ] --START--
INFO: Run Behavior\WriteHtmlCacheBehavior [ RunTime:0.001894s ]
INFO: [ view_filter ] --END-- [ RunTime:0.001995s ]
INFO: [ app_end ] --START--
INFO: Run Behavior\ShowPageTraceBehavior [ RunTime:0.015863s ]
INFO: [ app_end ] --END-- [ RunTime:0.015971s ]

[ 2016-10-05T21:10:32+08:00 ] 114.44.56.225 163mx03.mxmail.netease.com:25
INFO: [ app_init ] --START--
INFO: Run Behavior\BuildLiteBehavior [ RunTime:0.000029s ]
INFO: [ app_init ] --END-- [ RunTime:0.000466s ]
INFO: [ app_begin ] --START--
INFO: Run Behavior\ReadHtmlCacheBehavior [ RunTime:0.000698s ]
INFO: [ app_begin ] --END-- [ RunTime:0.000801s ]
NOTIC: [2048] Declaration of Home\Controller\IndexController::show() should be compatible with that of Think\Controller::show() C:\WWW\daxiang\Application\Home\Controller\IndexController.class.php 第 188 行.
SQL: SHOW COLUMNS FROM `a_company` [ RunTime:0.0029s ]
SQL: SELECT * FROM `a_company` WHERE ( type=2 )  [ RunTime:0.0004s ]
NOTIC: [8] Undefined variable: list C:\WWW\daxiang\Application\Home\Controller\IndexController.class.php 第 15 行.
SQL: SELECT * FROM `a_company` WHERE ( type=1 )  [ RunTime:0.0004s ]
SQL: SHOW COLUMNS FROM `a_news` [ RunTime:0.0021s ]
SQL: SELECT * FROM `a_news`  [ RunTime:0.0018s ]
INFO: [ view_parse ] --START--
INFO: [ template_filter ] --START--
INFO: Run Behavior\ContentReplaceBehavior [ RunTime:0.000160s ]
INFO: [ template_filter ] --END-- [ RunTime:0.000266s ]
INFO: Run Behavior\ParseTemplateBehavior [ RunTime:0.017585s ]
INFO: [ view_parse ] --END-- [ RunTime:0.017689s ]
INFO: [ view_filter ] --START--
INFO: Run Behavior\WriteHtmlCacheBehavior [ RunTime:0.000378s ]
INFO: [ view_filter ] --END-- [ RunTime:0.000459s ]
INFO: [ app_end ] --START--
INFO: Run Behavior\ShowPageTraceBehavior [ RunTime:0.000643s ]
INFO: [ app_end ] --END-- [ RunTime:0.000734s ]

[ 2016-10-05T22:51:06+08:00 ] 66.240.192.138 /
INFO: [ app_init ] --START--
INFO: Run Behavior\BuildLiteBehavior [ RunTime:0.000034s ]
INFO: [ app_init ] --END-- [ RunTime:0.000853s ]
INFO: [ app_begin ] --START--
INFO: Run Behavior\ReadHtmlCacheBehavior [ RunTime:0.005468s ]
INFO: [ app_begin ] --END-- [ RunTime:0.005611s ]
NOTIC: [2048] Declaration of Home\Controller\IndexController::show() should be compatible with that of Think\Controller::show() C:\WWW\daxiang\Application\Home\Controller\IndexController.class.php 第 188 行.
SQL: SHOW COLUMNS FROM `a_company` [ RunTime:0.0108s ]
SQL: SELECT * FROM `a_company` WHERE ( type=2 )  [ RunTime:0.0221s ]
NOTIC: [8] Undefined variable: list C:\WWW\daxiang\Application\Home\Controller\IndexController.class.php 第 15 行.
SQL: SELECT * FROM `a_company` WHERE ( type=1 )  [ RunTime:0.0004s ]
SQL: SHOW COLUMNS FROM `a_news` [ RunTime:0.0116s ]
SQL: SELECT * FROM `a_news`  [ RunTime:0.0194s ]
INFO: [ view_parse ] --START--
INFO: [ template_filter ] --START--
INFO: Run Behavior\ContentReplaceBehavior [ RunTime:0.000163s ]
INFO: [ template_filter ] --END-- [ RunTime:0.000305s ]
INFO: Run Behavior\ParseTemplateBehavior [ RunTime:0.075865s ]
INFO: [ view_parse ] --END-- [ RunTime:0.075998s ]
INFO: [ view_filter ] --START--
INFO: Run Behavior\WriteHtmlCacheBehavior [ RunTime:0.002670s ]
INFO: [ view_filter ] --END-- [ RunTime:0.002753s ]
INFO: [ app_end ] --START--
INFO: Run Behavior\ShowPageTraceBehavior [ RunTime:0.013725s ]
INFO: [ app_end ] --END-- [ RunTime:0.013843s ]

[ 2016-10-05T23:01:28+08:00 ] 173.208.213.196 /
INFO: [ app_init ] --START--
INFO: Run Behavior\BuildLiteBehavior [ RunTime:0.000033s ]
INFO: [ app_init ] --END-- [ RunTime:0.000495s ]
INFO: [ app_begin ] --START--
INFO: Run Behavior\ReadHtmlCacheBehavior [ RunTime:0.000667s ]
INFO: [ app_begin ] --END-- [ RunTime:0.000778s ]
NOTIC: [2048] Declaration of Home\Controller\IndexController::show() should be compatible with that of Think\Controller::show() C:\WWW\daxiang\Application\Home\Controller\IndexController.class.php 第 188 行.
SQL: SHOW COLUMNS FROM `a_company` [ RunTime:0.0023s ]
SQL: SELECT * FROM `a_company` WHERE ( type=2 )  [ RunTime:0.0004s ]
NOTIC: [8] Undefined variable: list C:\WWW\daxiang\Application\Home\Controller\IndexController.class.php 第 15 行.
SQL: SELECT * FROM `a_company` WHERE ( type=1 )  [ RunTime:0.0004s ]
SQL: SHOW COLUMNS FROM `a_news` [ RunTime:0.0021s ]
SQL: SELECT * FROM `a_news`  [ RunTime:0.0018s ]
INFO: [ view_parse ] --START--
INFO: [ template_filter ] --START--
INFO: Run Behavior\ContentReplaceBehavior [ RunTime:0.000172s ]
INFO: [ template_filter ] --END-- [ RunTime:0.000284s ]
INFO: Run Behavior\ParseTemplateBehavior [ RunTime:0.017614s ]
INFO: [ view_parse ] --END-- [ RunTime:0.017726s ]
INFO: [ view_filter ] --START--
INFO: Run Behavior\WriteHtmlCacheBehavior [ RunTime:0.000414s ]
INFO: [ view_filter ] --END-- [ RunTime:0.000503s ]
INFO: [ app_end ] --START--
INFO: Run Behavior\ShowPageTraceBehavior [ RunTime:0.000649s ]
INFO: [ app_end ] --END-- [ RunTime:0.000748s ]

